Start testing: Dec 16 16:06 CST
----------------------------------------------------------
1/3 Testing: century_test
1/3 Test: century_test
Command: "/Users/bhorowitz/Desktop/PolishSystem/build/century_test"
Directory: /Users/bhorowitz/Desktop/PolishSystem/build
"century_test" start time: Dec 16 16:06 CST
Output:
----------------------------------------------------------
Running main() from /tmp/googletest-20230817-4666-iek9sn/googletest-1.14.0/googletest/src/gtest_main.cc
[==========] Running 2 tests from 1 test suite.
[----------] Global test environment set-up.
[----------] 2 tests from CenturyTest
[ RUN      ] CenturyTest.CenturyNumConstructor
[       OK ] CenturyTest.CenturyNumConstructor (0 ms)
[ RUN      ] CenturyTest.StartYearConstructor
[       OK ] CenturyTest.StartYearConstructor (0 ms)
[----------] 2 tests from CenturyTest (0 ms total)

[----------] Global test environment tear-down
[==========] 2 tests from 1 test suite ran. (0 ms total)
[  PASSED  ] 2 tests.
<end of output>
Test time =   0.00 sec
----------------------------------------------------------
Test Passed.
"century_test" end time: Dec 16 16:06 CST
"century_test" time elapsed: 00:00:00
----------------------------------------------------------

2/3 Testing: decade_test
2/3 Test: decade_test
Command: "/Users/bhorowitz/Desktop/PolishSystem/build/decade_test"
Directory: /Users/bhorowitz/Desktop/PolishSystem/build
"decade_test" start time: Dec 16 16:06 CST
Output:
----------------------------------------------------------
Running main() from /tmp/googletest-20230817-4666-iek9sn/googletest-1.14.0/googletest/src/gtest_main.cc
[==========] Running 2 tests from 1 test suite.
[----------] Global test environment set-up.
[----------] 2 tests from DecadeTest
[ RUN      ] DecadeTest.CenturyDecadeConstructor
[       OK ] DecadeTest.CenturyDecadeConstructor (0 ms)
[ RUN      ] DecadeTest.CenturyStartYearConstructor
[       OK ] DecadeTest.CenturyStartYearConstructor (0 ms)
[----------] 2 tests from DecadeTest (0 ms total)

[----------] Global test environment tear-down
[==========] 2 tests from 1 test suite ran. (0 ms total)
[  PASSED  ] 2 tests.
<end of output>
Test time =   0.00 sec
----------------------------------------------------------
Test Passed.
"decade_test" end time: Dec 16 16:06 CST
"decade_test" time elapsed: 00:00:00
----------------------------------------------------------

3/3 Testing: year_test
3/3 Test: year_test
Command: "/Users/bhorowitz/Desktop/PolishSystem/build/year_test"
Directory: /Users/bhorowitz/Desktop/PolishSystem/build
"year_test" start time: Dec 16 16:06 CST
Output:
----------------------------------------------------------
Running main() from /tmp/googletest-20230817-4666-iek9sn/googletest-1.14.0/googletest/src/gtest_main.cc
[==========] Running 1 test from 1 test suite.
[----------] Global test environment set-up.
[----------] 1 test from YearTest
[ RUN      ] YearTest.YearConstructor
[       OK ] YearTest.YearConstructor (0 ms)
[----------] 1 test from YearTest (0 ms total)

[----------] Global test environment tear-down
[==========] 1 test from 1 test suite ran. (0 ms total)
[  PASSED  ] 1 test.
<end of output>
Test time =   0.11 sec
----------------------------------------------------------
Test Passed.
"year_test" end time: Dec 16 16:06 CST
"year_test" time elapsed: 00:00:00
----------------------------------------------------------

End testing: Dec 16 16:06 CST
